<?xml version="1.0" encoding="UTF-8"?>
<coverage generated="1714907003146" clover="3.2.0">
  <project timestamp="1714907003146" name="All files">
    <metrics statements="6" coveredstatements="6" conditionals="2" coveredconditionals="2" methods="2" coveredmethods="2" elements="10" coveredelements="10" complexity="0" loc="6" ncloc="6" packages="1" files="1" classes="1"/>
    <file name="store.js" path="C:\Users\fma\Desktop\private repos\jsnad\16_testing\ch-16\labs-3\store.js">
      <metrics statements="6" coveredstatements="6" conditionals="2" coveredconditionals="2" methods="2" coveredmethods="2"/>
      <line num="2" count="1" type="stmt"/>
      <line num="3" count="1" type="stmt"/>
      <line num="4" count="1" type="stmt"/>
      <line num="5" count="2" type="stmt"/>
      <line num="6" count="2" type="cond" truecount="2" falsecount="0"/>
      <line num="7" count="2" type="stmt"/>
    </file>
  </project>
</coverage>
