<?xml version="1.0" encoding="UTF-8"?>
<coverage generated="1714902629779" clover="3.2.0">
  <project timestamp="1714902629779" name="All files">
    <metrics statements="3" coveredstatements="3" conditionals="2" coveredconditionals="2" methods="1" coveredmethods="1" elements="6" coveredelements="6" complexity="0" loc="3" ncloc="3" packages="1" files="1" classes="1"/>
    <file name="uppercase.js" path="C:\Users\fma\Desktop\private repos\jsnad\16_testing\ch-16\labs-1\uppercase.js">
      <metrics statements="3" coveredstatements="3" conditionals="2" coveredconditionals="2" methods="1" coveredmethods="1"/>
      <line num="3" count="2" type="cond" truecount="2" falsecount="0"/>
      <line num="4" count="1" type="stmt"/>
      <line num="7" count="1" type="stmt"/>
    </file>
  </project>
</coverage>
