{"C:\\Users\\fma\\Desktop\\private repos\\jsnad\\test-practice\\add.js": {"path":"C:\\Users\\fma\\Desktop\\private repos\\jsnad\\test-practice\\add.js","statementMap":{"0":{"start":{"line":2,"column":1},"end":{"line":2,"column":78}},"1":{"start":{"line":2,"column":51},"end":{"line":2,"column":78}},"2":{"start":{"line":3,"column":1},"end":{"line":3,"column":13}},"3":{"start":{"line":6,"column":0},"end":{"line":6,"column":20}}},"fnMap":{"0":{"name":"add","decl":{"start":{"line":1,"column":9},"end":{"line":1,"column":12}},"loc":{"start":{"line":1,"column":19},"end":{"line":4,"column":1}},"line":1}},"branchMap":{"0":{"loc":{"start":{"line":2,"column":1},"end":{"line":2,"column":78}},"type":"if","locations":[{"start":{"line":2,"column":1},"end":{"line":2,"column":78}},{"start":{},"end":{}}],"line":2},"1":{"loc":{"start":{"line":2,"column":5},"end":{"line":2,"column":49}},"type":"binary-expr","locations":[{"start":{"line":2,"column":5},"end":{"line":2,"column":25}},{"start":{"line":2,"column":29},"end":{"line":2,"column":49}}],"line":2}},"s":{"0":3,"1":1,"2":2,"3":1},"f":{"0":3},"b":{"0":[1,2],"1":[3,2]},"_coverageSchema":"1a1c01bbd47fc00a2c39e90264f33305004495a9","hash":"49a53fa256b66a829d6cdbb02f14d9d0613a8354"}
}
